[2015.07.28-18.28.45:835][  0]Log file open, 07/28/15 21:28:45
[2015.07.28-18.28.45:835][  0]LogInit:Display: Running engine for game: RTS
[2015.07.28-18.28.45:835][  0]LogInit:Display: RandInit(-1870394046) SRandInit(-1870394045).
[2015.07.28-18.28.45:835][  0]LogTaskGraph: Started task graph with 4 named threads and 7 total threads.
[2015.07.28-18.28.45:835][  0]LogStats: Stats thread started
[2015.07.28-18.28.45:835][  0]LogInit: Version: 4.8.2-2614606+++depot+UE4-Releases+4.8
[2015.07.28-18.28.45:835][  0]LogInit: API Version: 2579680
[2015.07.28-18.28.45:835][  0]LogInit: Compiled (64-bit): Jul  8 2015 23:43:41
[2015.07.28-18.28.45:835][  0]LogInit: Compiled with Visual C++: 18.00.21005.01
[2015.07.28-18.28.45:835][  0]LogInit: Build Configuration: Development
[2015.07.28-18.28.45:835][  0]LogInit: Branch Name: ++depot+UE4-Releases+4.8
[2015.07.28-18.28.45:835][  0]LogInit: Command line: 
[2015.07.28-18.28.45:835][  0]LogInit: Base directory: D:/Epic Games/4.8/Engine/Binaries/Win64/
[2015.07.28-18.28.45:835][  0]LogInit: Rocket: 1
[2015.07.28-18.28.45:857][  0]LogInit: Using libcurl 7.41.0
[2015.07.28-18.28.45:857][  0]LogInit:  - built for x86_64-pc-win32
[2015.07.28-18.28.45:857][  0]LogInit:  - supports SSL with WinSSL
[2015.07.28-18.28.45:857][  0]LogInit:  - other features:
[2015.07.28-18.28.45:857][  0]LogInit:      CURL_VERSION_SSL
[2015.07.28-18.28.45:857][  0]LogInit:      CURL_VERSION_IPV6
[2015.07.28-18.28.45:857][  0]LogInit:      CURL_VERSION_ASYNCHDNS
[2015.07.28-18.28.45:857][  0]LogInit:      CURL_VERSION_LARGEFILE
[2015.07.28-18.28.45:857][  0]LogInit:      CURL_VERSION_IDN
[2015.07.28-18.28.45:857][  0]LogInit:  CurlRequestOptions (configurable via config and command line):
[2015.07.28-18.28.45:857][  0]LogInit:  - bVerifyPeer = true  - Libcurl will verify peer certificate
[2015.07.28-18.28.45:857][  0]LogInit:  - bUseHttpProxy = false  - Libcurl will NOT use HTTP proxy
[2015.07.28-18.28.45:857][  0]LogInit:  - bDontReuseConnections = false  - Libcurl will reuse connections
[2015.07.28-18.28.45:857][  0]LogInit:  - CertBundlePath = nullptr  - Libcurl will use whatever was configured at build time.
[2015.07.28-18.28.45:878][  0]LogOnline:Warning: No default platform service specified for OnlineSubsystem
[2015.07.28-18.28.45:901][  0]LogInit: Presizing for 0 objects not considered by GC, pre-allocating 0 bytes.
[2015.07.28-18.28.45:926][  0]LogInit: Object subsystem initialized
[2015.07.28-18.28.45:928][  0]LogConsoleResponse:Warning: Skipping Unknown console variable: 'TranslucentSortAxis = (X=0.000000,Y=-1.000000,Z=0.000000)'
[2015.07.28-18.28.45:928][  0]LogConsoleResponse:Warning:   Found in ini file 'C:/Users/Alexey/Documents/Unreal Projects/RTS/Saved/Config/Windows/Engine.ini', in section '[/Script/Engine.RendererSettings]'
[2015.07.28-18.28.45:928][  0]LogConsoleResponse:Warning: Skipping Unknown console variable: 'UIScaleRule = ShortestSide'
[2015.07.28-18.28.45:928][  0]LogConsoleResponse:Warning:   Found in ini file 'C:/Users/Alexey/Documents/Unreal Projects/RTS/Saved/Config/Windows/Engine.ini', in section '[/Script/Engine.RendererSettings]'
[2015.07.28-18.28.45:928][  0]LogConsoleResponse:Warning: Skipping Unknown console variable: 'UIScaleCurve = (EditorCurveData=(Keys=),ExternalCurve=None)'
[2015.07.28-18.28.45:928][  0]LogConsoleResponse:Warning:   Found in ini file 'C:/Users/Alexey/Documents/Unreal Projects/RTS/Saved/Config/Windows/Engine.ini', in section '[/Script/Engine.RendererSettings]'
[2015.07.28-18.28.45:929][  0]LogInit: Selected Device Profile: [Windows]
[2015.07.28-18.28.45:929][  0]LogInit: Applying CVar settings loaded from the selected device profile: [Windows]
[2015.07.28-18.28.45:966][  0]LogInit: Computer: ALEX-PC
[2015.07.28-18.28.45:966][  0]LogInit: User: Alexey
[2015.07.28-18.28.45:966][  0]LogInit: CPU Page size=4096, Cores=4
[2015.07.28-18.28.45:966][  0]LogInit: High frequency timer resolution =3.428037 MHz
[2015.07.28-18.28.45:966][  0]LogMemory: Memory total: Physical=4.0GB (4GB approx)
[2015.07.28-18.28.45:966][  0]LogMemory: Platform Memory Stats for Windows
[2015.07.28-18.28.45:966][  0]LogMemory: Process Physical Memory: 48.05 MB used, 48.05 MB peak
[2015.07.28-18.28.45:966][  0]LogMemory: Process Virtual Memory: 24.39 MB used, 24.39 MB peak
[2015.07.28-18.28.45:966][  0]LogMemory: Physical Memory: 3297.32 MB used, 4045.93 MB total
[2015.07.28-18.28.45:966][  0]LogMemory: Virtual Memory: 297.91 MB used, 134217728.00 MB total
[2015.07.28-18.28.46:015][  0]LogTextLocalizationManager: The requested culture ('en_US') has no localization data; parent culture's ('en') localization data will be used.
[2015.07.28-18.28.46:414][  0]LogTextLocalizationManager:Warning: Loaded localization resources contain conflicting entries for (Namespace:ContentBrowser, Key:ImportAssetToolTip):
Localization Resource: (D:/Epic Games/4.8/Engine/Content/Localization/Editor/en/Editor.locres) Source String Hash: (-630476809) Localized String: (Import to {0}...)
Localization Resource: (D:/Epic Games/4.8/Engine/Content/Localization/Editor/en/Editor.locres) Source String Hash: (1271782899) Localized String: (Imports an asset from file to this folder.)
[2015.07.28-18.28.47:268][  0]LogD3D11RHI: Found D3D11 adapter 0: NVIDIA GeForce GTX 780 Ti  (Feature Level 11_0)
[2015.07.28-18.28.47:268][  0]LogD3D11RHI: Adapter has 3005MB of dedicated video memory, 0MB of dedicated system memory, and 2022MB of shared system memory, 1 output[s]
[2015.07.28-18.28.47:270][  0]LogD3D11RHI: Found D3D11 adapter 1: Microsoft Basic Render Driver (Feature Level 11_0)
[2015.07.28-18.28.47:270][  0]LogD3D11RHI: Adapter has 0MB of dedicated video memory, 0MB of dedicated system memory, and 256MB of shared system memory, 0 output[s]
[2015.07.28-18.28.47:270][  0]LogD3D11RHI: Chosen D3D11 Adapter Id = 0
[2015.07.28-18.28.47:279][  0]LogD3D11RHI: InitD3DDevice
[2015.07.28-18.28.47:279][  0]LogD3D11RHI: !Direct3DDevice
[2015.07.28-18.28.47:279][  0]LogRHI: Texture pool is 1361 MB (70% of 1945 MB)
[2015.07.28-18.28.47:299][  0]LogD3D11RHI: Async texture creation enabled
[2015.07.28-18.28.47:318][  0]LogShaderCompilers:Display: Using Local Shader Compiler.
[2015.07.28-18.28.48:944][  0]LogTemp:Display: Loaded TP DesktopTargetPlatform
[2015.07.28-18.28.48:964][  0]LogTemp:Display: Loaded TP WindowsClientTargetPlatform
[2015.07.28-18.28.48:984][  0]LogTemp:Display: Loaded TP WindowsNoEditorTargetPlatform
[2015.07.28-18.28.49:003][  0]LogTemp:Display: Loaded TP WindowsServerTargetPlatform
[2015.07.28-18.28.49:026][  0]LogTemp:Display: Loaded TP WindowsTargetPlatform
[2015.07.28-18.28.49:043][  0]LogTemp:Display: Loaded TP AndroidTargetPlatform
[2015.07.28-18.28.49:061][  0]LogTemp:Display: Loaded TP Android_ASTCTargetPlatform
[2015.07.28-18.28.49:079][  0]LogTemp:Display: Loaded TP Android_ATCTargetPlatform
[2015.07.28-18.28.49:096][  0]LogTemp:Display: Loaded TP Android_DXTTargetPlatform
[2015.07.28-18.28.49:114][  0]LogTemp:Display: Loaded TP Android_ETC1TargetPlatform
[2015.07.28-18.28.49:131][  0]LogTemp:Display: Loaded TP Android_ETC2TargetPlatform
[2015.07.28-18.28.49:153][  0]LogTemp:Display: Loaded TP Android_PVRTCTargetPlatform
[2015.07.28-18.28.49:225][  0]LogTemp:Display: Loaded TP IOSTargetPlatform
[2015.07.28-18.28.49:245][  0]LogTemp:Display: Loaded TP LinuxNoEditorTargetPlatform
[2015.07.28-18.28.49:266][  0]LogTemp:Display: Loaded TP LinuxServerTargetPlatform
[2015.07.28-18.28.49:291][  0]LogTemp:Display: Loaded TP LinuxTargetPlatform
[2015.07.28-18.28.49:291][  0]LogTargetPlatformManager:Display: Building Assets For Windows
[2015.07.28-18.28.49:628][  0]LogDerivedDataCache:Display: Max Cache Size: 512 MB
[2015.07.28-18.28.49:710][  0]LogDerivedDataCache: Loaded boot cache 0.08s 53MB C:/Users/Alexey/AppData/Local/UnrealEngine/4.8/DerivedDataCache/Boot.ddc.
[2015.07.28-18.28.49:710][  0]LogDerivedDataCache:Display: Loaded Boot cache: C:/Users/Alexey/AppData/Local/UnrealEngine/4.8/DerivedDataCache/Boot.ddc
[2015.07.28-18.28.49:711][  0]LogDerivedDataCache: FDerivedDataBackendGraph:  Pak pak cache file C:/Users/Alexey/Documents/Unreal Projects/RTS/DerivedDataCache/DDC.ddp not found, will not use a pak cache.
[2015.07.28-18.28.49:711][  0]LogDerivedDataCache: Unable to find inner node Pak for hierarchical cache Hierarchy.
[2015.07.28-18.28.49:711][  0]LogDerivedDataCache: FDerivedDataBackendGraph:  CompressedPak pak cache file C:/Users/Alexey/Documents/Unreal Projects/RTS/DerivedDataCache/Compressed.ddp not found, will not use a pak cache.
[2015.07.28-18.28.49:711][  0]LogDerivedDataCache: Unable to find inner node CompressedPak for hierarchical cache Hierarchy.
[2015.07.28-18.28.49:995][  0]LogDerivedDataCache:Display: Pak cache opened for reading ../../../Engine/DerivedDataCache/Compressed.ddp.
[2015.07.28-18.28.50:008][  0]LogDerivedDataCache: Using Local data cache path C:/Users/Alexey/AppData/Local/UnrealEngine/Common/DerivedDataCache: Writable
[2015.07.28-18.28.50:474][  0]LogInit: Selected Device Profile: [Windows]
[2015.07.28-18.28.50:634][  0]ImportText (ComponentSweepMultiTests): Missing closing parenthesis: (RootShapeAsset="/Engine/BasicShapes/Cube.Cube",ShapeType="TriggerCapsule",HitResult=(Time=0.50,Location=(X=-100.000015,Y=0.0,Z=100.000015),ImpactPoint=(X=-50.0,Y=0.0,Z=50.0),Normal=(X=-1.0,Y=-0.0,Z=0.0),ImpactNormal=(X=0.0,Y=0.0,Z=1.0),TraceStart=(X=-200.0,Y=0.0,Z=200.0),TraceEnd=(X=0.0,Y=0.0,Z=0.0))
[2015.07.28-18.28.50:635][  0]ImportText (LineTraceSingleByChannelTests): Missing closing parenthesis: (RootShapeAsset="/Engine/BasicShapes/Cube.Cube",HitResult=(Time=0.50,Location=(X=-100.000015,Y=0.0,Z=100.000015),ImpactPoint=(X=-50.0,Y=0.0,Z=50.0),Normal=(X=-1.0,Y=-0.0,Z=0.0),ImpactNormal=(X=0.0,Y=0.0,Z=1.0),TraceStart=(X=-200.0,Y=0.0,Z=200.0),TraceEnd=(X=0.0,Y=0.0,Z=0.0))
[2015.07.28-18.28.50:682][  0]LogMeshUtilities: No automatic mesh reduction module available
[2015.07.28-18.28.50:682][  0]LogMeshUtilities: No automatic mesh merging module available
[2015.07.28-18.28.51:222][  0]LogInit: WinSock: version 1.1 (2.2), MaxSocks=32767, MaxUdp=65467
[2015.07.28-18.28.52:987][  0]UdpMessaging: Initializing bridge on interface 0.0.0.0:0 to multicast group 230.0.0.1:6666.
[2015.07.28-18.28.53:574][  0]SourceControl: Info Source control is disabled
[2015.07.28-18.28.53:613][  0]SourceControl: Info Source control is disabled
[2015.07.28-18.28.53:629][  0]SourceControl: Info Source control is disabled
[2015.07.28-18.28.53:645][  0]SourceControl: Info Source control is disabled
[2015.07.28-18.28.54:031][  0]LogObj: 26273 objects as part of root set at end of initial load.
[2015.07.28-18.28.54:031][  0]LogUObjectAllocator: 5409248 out of 0 bytes used by permanent object pool.
[2015.07.28-18.28.54:135][  0]LogEngine: Initializing Engine...
[2015.07.28-18.28.54:138][  0]LogHMD: Can't find Oculus library dev build: is proper Runtime installed? Version: 0.6.0.0
[2015.07.28-18.28.54:146][  0]LogHMD:Warning: SteamVR failed to initialize.  Error: 108
[2015.07.28-18.28.54:390][  0]LogAIModule: Creating AISystem for world NewWorld
[2015.07.28-18.28.54:401][  0]LogInit: XAudio2 using 'Динамики (Siberia v2 Frost Blue)' : 2 channels at 44.1 kHz using 16 bits per sample (channel mask 0x3)
[2015.07.28-18.28.54:412][  0]LogInit: FAudioDevice initialized.
[2015.07.28-18.28.54:467][  0]LogDerivedDataCache: Saved boot cache 0.06s 53MB C:/Users/Alexey/AppData/Local/UnrealEngine/4.8/DerivedDataCache/Boot.ddc.
[2015.07.28-18.28.54:472][  0]LogInit: Texture streaming: Disabled
[2015.07.28-18.28.54:504][  0]LogAnalytics: Creating configured Analytics provider AnalyticsET
[2015.07.28-18.28.54:504][  0]LogAnalytics: [UEEditor.Rocket.Release] APIServer = http://et2.epicgames.com/ET2/. AppVersion = 4.8.2-2614606+++depot+UE4-Releases+4.8
[2015.07.28-18.28.54:504][  0]LogAnalytics: [UEEditor.Rocket.Release] SetUserId 608956ac421fcf5ec115d0b25276a164|6adaaeee6a074b92addfa9e2257e9d63|4134fce6-dca3-46c5-bf2c-15e67afe0a2e
[2015.07.28-18.28.54:504][  0]LogAnalytics: [UEEditor.Rocket.Release] AnalyticsET::StartSession
[2015.07.28-18.28.54:560][  0]LogInit: Transaction tracking system initialized
[2015.07.28-18.28.54:731][  0]BlueprintLog: New page: Editor Load
[2015.07.28-18.28.54:773][  0]LogAssetRegistry: FAssetRegistry took 0.0106 seconds to start up
[2015.07.28-18.28.54:773][  0]LogDirectoryWatcher:Warning: Failed to begin reading directory changes for ../../../Engine/Plugins/Experimental/CharacterAI/Content/. Error: 0
[2015.07.28-18.28.56:506][  0]LogConsoleManager:Warning: Console variable 'r.VSync' wasn't set ('GameSetting' has a lower priority than 'SystemSettingsIni')
[2015.07.28-18.28.56:507][  0]LogConsoleResponse:Display: 
[2015.07.28-18.28.56:689][  0]LogCook:Display: Done creating registry. It took  0.00s.
[2015.07.28-18.28.56:984][  0]SourceControl: Info Source control is disabled
[2015.07.28-18.28.56:984][  0]Cmd: MAP LOAD FILE="C:/Users/Alexey/Documents/Unreal Projects/RTS/Content/TopDownBP/Maps/TopDownExampleMap.umap" TEMPLATE=0 SHOWPROGRESS=1 FEATURELEVEL=3
[2015.07.28-18.28.56:985][  0]LightingResults: New page: Lighting Build
[2015.07.28-18.28.57:005][  0]MapCheck: New page: Map Check
[2015.07.28-18.28.57:005][  0]LightingResults: New page: Lighting Build
[2015.07.28-18.28.57:021][  0]LogParticles: Destroying 0 GPU particle simulations for FXSystem 0x000000BB24CF9120
[2015.07.28-18.28.59:045][  0]LogAIModule: Creating AISystem for world TopDownExampleMap
[2015.07.28-18.28.59:063][  0]LogEditorServer: Finished looking for orphan Actors (0.000 secs)
[2015.07.28-18.28.59:064][  0]Cmd: MAP CHECKDEP NOCLEARLOG
[2015.07.28-18.28.59:144][  0]MapCheck: Info Map check complete: 0 Error(s), 0 Warning(s), took 79.736ms to complete.
[2015.07.28-18.28.59:144][  0]LogFileHelpers: Loading map 'TopDownExampleMap' took 2.160
[2015.07.28-18.28.59:345][  0]LogCollectionManager: Loaded 0 collections in 0.002693 seconds
[2015.07.28-18.28.59:359][  0]LogContentBrowser: Native class hierarchy populated in 0.0137 seconds. Added 1792 classes and 301 folders.
[2015.07.28-18.28.59:483][  0]LogContentBrowser: Native class hierarchy updated for 'WidgetCarousel' in 0.0006 seconds. Added 0 classes and 0 folders.
[2015.07.28-18.28.59:766][  0]LogContentBrowser: Native class hierarchy updated for 'AddContentDialog' in 0.0006 seconds. Added 0 classes and 0 folders.
[2015.07.28-18.28.59:792][  0]LogContentBrowser: Native class hierarchy updated for 'SceneOutliner' in 0.0006 seconds. Added 1 classes and 2 folders.
[2015.07.28-18.28.59:852][  0]LogCrashTracker: Crashtracker disabled due to settings.
[2015.07.28-18.28.59:854][  0]LogD3D11RHI: InitD3DDevice
[2015.07.28-18.28.59:859][  0]LogUObjectGlobals:Warning: Failed to find object 'Class None.'
[2015.07.28-18.28.59:882][  0]LogLoad: Full Startup: 17.38 seconds (BP compile: 0.86 seconds)
[2015.07.28-18.29.00:289][  0]LogContentStreaming: Texture pool size is 0.000000MB
[2015.07.28-18.29.00:331][  0]LogContentStreaming: Texture pool size now 1000 MB
[2015.07.28-18.29.00:558][  0]LogRenderer: Reallocating scene render targets to support 1208x576 (Frame:2).
[2015.07.28-18.29.01:014][  2]LogD3D11RHI: InitD3DDevice
[2015.07.28-18.29.03:360][  9]LogAssetRegistry: Asset discovery search completed in 8.5984 seconds
[2015.07.28-18.29.31:065][111]LogD3D11RHI: InitD3DDevice
[2015.07.28-18.30.01:694][112]LogD3D11RHI: InitD3DDevice
[2015.07.28-18.30.02:728][219]LogD3D11RHI: InitD3DDevice
[2015.07.28-18.30.03:813][333]LogD3D11RHI: InitD3DDevice
[2015.07.28-18.30.05:157][466]LogSourceControl:Error: 'C:/Users/Alexey/Documents/Unreal Projects/RTS/' is not part of a Git repository
[2015.07.28-18.30.56:820][ 66]SourceControl: Info On branch master
[2015.07.28-18.30.56:820][ 66]SourceControl: Info Initial commit
[2015.07.28-18.30.56:820][ 66]SourceControl: Info Changes to be committed:
[2015.07.28-18.30.56:820][ 66]SourceControl: Info   (use "git rm --cached <file>..." to unstage)
[2015.07.28-18.30.56:820][ 66]SourceControl: Info 	new file:   .gitignore
[2015.07.28-18.30.56:820][ 66]SourceControl: Info 	new file:   Config/DefaultEditor.ini
[2015.07.28-18.30.56:820][ 66]SourceControl: Info 	new file:   Config/DefaultEditorPerProjectUserSettings.ini
[2015.07.28-18.30.56:820][ 66]SourceControl: Info 	new file:   Config/DefaultEngine.ini
[2015.07.28-18.30.56:820][ 66]SourceControl: Info 	new file:   Config/DefaultGame.ini
[2015.07.28-18.30.56:820][ 66]SourceControl: Info 	new file:   Config/DefaultInput.ini
[2015.07.28-18.30.56:820][ 66]SourceControl: Info 	new file:   RTS.uproject
[2015.07.28-18.30.56:820][ 66]SourceControl: Info Untracked files:
[2015.07.28-18.30.56:820][ 66]SourceControl: Info   (use "git add <file>..." to include in what will be committed)
[2015.07.28-18.30.56:820][ 66]SourceControl: Info 	Content/
[2015.07.28-18.30.56:824][ 66]LogD3D11RHI: InitD3DDevice
[2015.07.28-18.31.10:372][583]LogWindowsTextInputMethodSystem:Display: IME system now deactivated.
[2015.07.28-18.31.10:743][584]Cmd: QUIT_EDITOR
[2015.07.28-18.31.11:193][584]LogExit: Preparing to exit.
[2015.07.28-18.31.12:092][584]LogExit: Editor shut down
[2015.07.28-18.31.12:092][584]LogExit: Transaction tracking system shut down
[2015.07.28-18.31.12:094][584]LogParticles: Destroying 0 GPU particle simulations for FXSystem 0x000000BB1624AE80
[2015.07.28-18.31.12:094][584]LogParticles: Destroying 0 GPU particle simulations for FXSystem 0x000000BB3076DE40
[2015.07.28-18.31.12:306][584]LogExit: Object subsystem successfully closed.
[2015.07.28-18.31.12:321][584]LogD3D11RHI: Shutdown
[2015.07.28-18.31.12:321][584]LogD3D11RHI: CleanupD3DDevice
[2015.07.28-18.31.12:379][584]LogD3D11RHI: ~FD3D11DynamicRHI
[2015.07.28-18.31.12:408][584]LogModuleManager: Shutting down and abandoning module CrashTracker (188)
[2015.07.28-18.31.12:408][584]LogModuleManager: Shutting down and abandoning module SceneOutliner (187)
[2015.07.28-18.31.12:408][584]LogModuleManager: Shutting down and abandoning module SuperSearch (186)
[2015.07.28-18.31.12:408][584]LogModuleManager: Shutting down and abandoning module WidgetCarousel (185)
[2015.07.28-18.31.12:408][584]LogModuleManager: Shutting down and abandoning module AddContentDialog (184)
[2015.07.28-18.31.12:408][584]LogModuleManager: Shutting down and abandoning module EditorWidgets (183)
[2015.07.28-18.31.12:408][584]LogModuleManager: Shutting down and abandoning module CollectionManager (182)
[2015.07.28-18.31.12:408][584]LogModuleManager: Shutting down and abandoning module StatsViewer (181)
[2015.07.28-18.31.12:408][584]LogModuleManager: Shutting down and abandoning module FoliageEdit (180)
[2015.07.28-18.31.12:408][584]LogModuleManager: Shutting down and abandoning module LandscapeEditor (179)
[2015.07.28-18.31.12:409][584]LogModuleManager: Shutting down and abandoning module ActorPickerMode (178)
[2015.07.28-18.31.12:409][584]LogModuleManager: Shutting down and abandoning module GeometryMode (177)
[2015.07.28-18.31.12:409][584]LogModuleManager: Shutting down and abandoning module TextureAlignMode (176)
[2015.07.28-18.31.12:409][584]LogModuleManager: Shutting down and abandoning module BspMode (175)
[2015.07.28-18.31.12:409][584]LogModuleManager: Shutting down and abandoning module PlacementMode (174)
[2015.07.28-18.31.12:409][584]LogModuleManager: Shutting down and abandoning module AutomationWorker (173)
[2015.07.28-18.31.12:409][584]LogModuleManager: Shutting down and abandoning module CharacterAI (172)
[2015.07.28-18.31.12:409][584]LogModuleManager: Shutting down and abandoning module SmartSnapping (171)
[2015.07.28-18.31.12:409][584]LogModuleManager: Shutting down and abandoning module ViewportSnapping (170)
[2015.07.28-18.31.12:409][584]LogModuleManager: Shutting down and abandoning module LogVisualizer (169)
[2015.07.28-18.31.12:409][584]LogModuleManager: Shutting down and abandoning module GameProjectGeneration (168)
[2015.07.28-18.31.12:409][584]LogModuleManager: Shutting down and abandoning module IntroTutorials (167)
[2015.07.28-18.31.12:409][584]LogModuleManager: Shutting down and abandoning module EditorLiveStreaming (166)
[2015.07.28-18.31.12:409][584]LogModuleManager: Shutting down and abandoning module IOSPlatformEditor (165)
[2015.07.28-18.31.12:409][584]LogModuleManager: Shutting down and abandoning module HTML5PlatformEditor (164)
[2015.07.28-18.31.12:409][584]LogModuleManager: Shutting down and abandoning module AndroidDeviceDetection (163)
[2015.07.28-18.31.13:094][584]LogModuleManager: Shutting down and abandoning module AndroidPlatformEditor (162)
[2015.07.28-18.31.13:094][584]LogModuleManager: Shutting down and abandoning module IOSRuntimeSettings (161)
[2015.07.28-18.31.13:094][584]LogModuleManager: Shutting down and abandoning module AndroidRuntimeSettings (160)
[2015.07.28-18.31.13:094][584]LogModuleManager: Shutting down and abandoning module MergeActors (159)
[2015.07.28-18.31.13:094][584]LogModuleManager: Shutting down and abandoning module SizeMap (158)
[2015.07.28-18.31.13:094][584]LogModuleManager: Shutting down and abandoning module TreeMap (157)
[2015.07.28-18.31.13:094][584]LogModuleManager: Shutting down and abandoning module ReferenceViewer (156)
[2015.07.28-18.31.13:094][584]LogModuleManager: Shutting down and abandoning module LocalizationDashboard (155)
[2015.07.28-18.31.13:094][584]LogModuleManager: Shutting down and abandoning module HardwareTargeting (154)
[2015.07.28-18.31.13:094][584]LogModuleManager: Shutting down and abandoning module DeviceProfileEditor (153)
[2015.07.28-18.31.13:094][584]LogModuleManager: Shutting down and abandoning module UndoHistory (152)
[2015.07.28-18.31.13:094][584]LogModuleManager: Shutting down and abandoning module GameplayTagsEditor (151)
[2015.07.28-18.31.13:094][584]LogModuleManager: Shutting down and abandoning module UserFeedback (150)
[2015.07.28-18.31.13:094][584]LogModuleManager: Shutting down and abandoning module XmlParser (149)
[2015.07.28-18.31.13:094][584]LogModuleManager: Shutting down and abandoning module Blutility (148)
[2015.07.28-18.31.13:094][584]LogModuleManager: Shutting down and abandoning module ProjectTargetPlatformEditor (147)
[2015.07.28-18.31.13:094][584]LogModuleManager: Shutting down and abandoning module ProjectSettingsViewer (146)
[2015.07.28-18.31.13:094][584]LogModuleManager: Shutting down and abandoning module InputBindingEditor (145)
[2015.07.28-18.31.13:094][584]LogModuleManager: Shutting down and abandoning module EditorSettingsViewer (144)
[2015.07.28-18.31.13:095][584]LogModuleManager: Shutting down and abandoning module SettingsEditor (143)
[2015.07.28-18.31.13:095][584]LogModuleManager: Shutting down and abandoning module ProjectLauncher (142)
[2015.07.28-18.31.13:095][584]LogModuleManager: Shutting down and abandoning module SessionFrontend (141)
[2015.07.28-18.31.13:095][584]LogModuleManager: Shutting down and abandoning module ProfilerClient (140)
[2015.07.28-18.31.13:095][584]LogModuleManager: Shutting down and abandoning module TargetDeviceServices (139)
[2015.07.28-18.31.13:095][584]LogModuleManager: Shutting down and abandoning module DeviceManager (138)
[2015.07.28-18.31.13:095][584]LogModuleManager: Shutting down and abandoning module AutomationController (137)
[2015.07.28-18.31.13:095][584]LogModuleManager: Shutting down and abandoning module AutomationWindow (136)
[2015.07.28-18.31.13:095][584]LogModuleManager: Shutting down and abandoning module Layers (135)
[2015.07.28-18.31.13:095][584]LogModuleManager: Shutting down and abandoning module ComponentVisualizers (134)
[2015.07.28-18.31.13:095][584]LogModuleManager: Shutting down and abandoning module DetailCustomizations (133)
[2015.07.28-18.31.13:095][584]LogModuleManager: Shutting down and abandoning module PackagesDialog (132)
[2015.07.28-18.31.13:095][584]LogModuleManager: Shutting down and abandoning module AssetRegistry (131)
[2015.07.28-18.31.13:203][584]LogModuleManager: Shutting down and abandoning module Persona (130)
[2015.07.28-18.31.13:203][584]LogModuleManager: Shutting down and abandoning module Kismet (129)
[2015.07.28-18.31.13:203][584]LogModuleManager: Shutting down and abandoning module GraphEditor (128)
[2015.07.28-18.31.13:203][584]LogModuleManager: Shutting down and abandoning module ClassViewer (127)
[2015.07.28-18.31.13:203][584]LogModuleManager: Shutting down and abandoning module Toolbox (126)
[2015.07.28-18.31.13:203][584]LogModuleManager: Shutting down and abandoning module ModuleUI (125)
[2015.07.28-18.31.13:203][584]LogModuleManager: Shutting down and abandoning module MovieSceneTools (124)
[2015.07.28-18.31.13:203][584]LogModuleManager: Shutting down and abandoning module OutputLog (123)
[2015.07.28-18.31.13:203][584]LogModuleManager: Shutting down and abandoning module GammaUI (122)
[2015.07.28-18.31.13:203][584]LogModuleManager: Shutting down and abandoning module Documentation (121)
[2015.07.28-18.31.13:203][584]LogModuleManager: Shutting down and abandoning module GameLiveStreaming (120)
[2015.07.28-18.31.13:204][584]LogModuleManager: Shutting down and abandoning module StreamingPauseRendering (119)
[2015.07.28-18.31.13:204][584]LogModuleManager: Shutting down and abandoning module AnalyticsET (118)
[2015.07.28-18.31.13:204][584]LogModuleManager: Shutting down and abandoning module Analytics (117)
[2015.07.28-18.31.13:204][584]LogModuleManager: Shutting down and abandoning module AITestSuite (116)
[2015.07.28-18.31.13:204][584]LogModuleManager: Shutting down and abandoning module GameplayDebugger (115)
[2015.07.28-18.31.13:204][584]LogModuleManager: Shutting down and abandoning module AIModule (114)
[2015.07.28-18.31.13:204][584]LogModuleManager: Shutting down and abandoning module ProfilerService (113)
[2015.07.28-18.31.13:424][584]LogModuleManager: Shutting down and abandoning module TaskGraph (112)
[2015.07.28-18.31.13:424][584]LogModuleManager: Shutting down and abandoning module SlateRemote (111)
[2015.07.28-18.31.13:424][584]LogModuleManager: Shutting down and abandoning module SteamVRController (110)
[2015.07.28-18.31.13:424][584]LogModuleManager: Shutting down and abandoning module SteamVR (109)
[2015.07.28-18.31.13:424][584]LogModuleManager: Shutting down and abandoning module ProceduralMeshComponent (108)
[2015.07.28-18.31.13:424][584]LogModuleManager: Shutting down and abandoning module OculusRift (107)
[2015.07.28-18.31.13:424][584]LogModuleManager: Shutting down and abandoning module LeapMotionController (106)
[2015.07.28-18.31.13:450][584]LogModuleManager: Shutting down and abandoning module CustomMeshComponent (105)
[2015.07.28-18.31.13:450][584]LogModuleManager: Shutting down and abandoning module CableComponent (104)
[2015.07.28-18.31.13:450][584]LogModuleManager: Shutting down and abandoning module MessagingDebugger (103)
[2015.07.28-18.31.13:450][584]LogModuleManager: Shutting down and abandoning module MediaPlayerEditor (102)
[2015.07.28-18.31.13:450][584]LogModuleManager: Shutting down and abandoning module SpeedTreeImporter (101)
[2015.07.28-18.31.13:450][584]LogModuleManager: Shutting down and abandoning module PluginBrowser (100)
[2015.07.28-18.31.13:450][584]LogModuleManager: Shutting down and abandoning module EpicSurvey (99)
[2015.07.28-18.31.13:450][584]LogModuleManager: Shutting down and abandoning module DesktopPlatform (98)
[2015.07.28-18.31.13:451][584]LogModuleManager: Shutting down and abandoning module VisualStudioSourceCodeAccess (97)
[2015.07.28-18.31.13:451][584]LogModuleManager: Shutting down and abandoning module UObjectPlugin (96)
[2015.07.28-18.31.13:451][584]LogModuleManager: Shutting down and abandoning module SubversionSourceControl (95)
[2015.07.28-18.31.13:451][584]LogModuleManager: Shutting down and abandoning module PerforceSourceControl (94)
[2015.07.28-18.31.13:451][584]LogModuleManager: Shutting down and abandoning module SourceControl (93)
[2015.07.28-18.31.13:451][584]LogModuleManager: Shutting down and abandoning module GitSourceControl (92)
[2015.07.28-18.31.13:451][584]LogModuleManager: Shutting down and abandoning module BlankPlugin (91)
[2015.07.28-18.31.13:451][584]LogModuleManager: Shutting down and abandoning module PaperTiledImporter (90)
[2015.07.28-18.31.13:451][584]LogModuleManager: Shutting down and abandoning module PaperSpriteSheetImporter (89)
[2015.07.28-18.31.13:451][584]LogModuleManager: Shutting down and abandoning module MeshPaint (88)
[2015.07.28-18.31.13:451][584]LogModuleManager: Shutting down and abandoning module SlateReflector (87)
[2015.07.28-18.31.13:451][584]LogModuleManager: Shutting down and abandoning module DirectoryWatcher (86)
[2015.07.28-18.31.13:451][584]LogModuleManager: Shutting down and abandoning module HotReload (85)
[2015.07.28-18.31.13:451][584]LogModuleManager: Shutting down and abandoning module MainFrame (84)
[2015.07.28-18.31.13:451][584]LogModuleManager: Shutting down and abandoning module LevelEditor (83)
[2015.07.28-18.31.13:453][584]LogModuleManager: Shutting down and abandoning module ContentBrowser (82)
[2015.07.28-18.31.13:454][584]LogModuleManager: Shutting down and abandoning module Paper2DEditor (81)
[2015.07.28-18.31.13:454][584]LogModuleManager: Shutting down and abandoning module UdpMessaging (80)
[2015.07.28-18.31.13:555][584]LogModuleManager: Shutting down and abandoning module Paper2D (79)
[2015.07.28-18.31.13:555][584]LogModuleManager: Shutting down and abandoning module WindowsMoviePlayer (78)
[2015.07.28-18.31.13:559][584]LogModuleManager: Shutting down and abandoning module Media (77)
[2015.07.28-18.31.13:559][584]LogModuleManager: Shutting down and abandoning module WmfMedia (76)
[2015.07.28-18.31.13:560][584]LogModuleManager: Shutting down and abandoning module OnlineBlueprintSupport (75)
[2015.07.28-18.31.13:560][584]LogModuleManager: Shutting down and abandoning module PropertyEditor (74)
[2015.07.28-18.31.13:560][584]LogModuleManager: Shutting down and abandoning module BehaviorTreeEditor (73)
[2015.07.28-18.31.13:560][584]LogModuleManager: Shutting down and abandoning module FunctionalTesting (72)
[2015.07.28-18.31.13:560][584]LogModuleManager: Shutting down and abandoning module CollisionAnalyzer (71)
[2015.07.28-18.31.13:560][584]LogModuleManager: Shutting down and abandoning module WorkspaceMenuStructure (70)
[2015.07.28-18.31.13:560][584]LogModuleManager: Shutting down and abandoning module MessageLog (69)
[2015.07.28-18.31.13:560][584]LogModuleManager: Shutting down and abandoning module Sequencer (68)
[2015.07.28-18.31.13:560][584]LogModuleManager: Shutting down and abandoning module AssetTools (67)
[2015.07.28-18.31.13:560][584]LogModuleManager: Shutting down and abandoning module UMGEditor (66)
[2015.07.28-18.31.13:560][584]LogModuleManager: Shutting down and abandoning module UMG (65)
[2015.07.28-18.31.13:560][584]LogModuleManager: Shutting down and abandoning module Slate (64)
[2015.07.28-18.31.13:560][584]LogModuleManager: Shutting down and abandoning module EditorStyle (63)
[2015.07.28-18.31.13:565][584]LogModuleManager: Shutting down and abandoning module SessionServices (62)
[2015.07.28-18.31.13:565][584]LogModuleManager: Shutting down and abandoning module SourceCodeAccess (61)
[2015.07.28-18.31.13:565][584]LogModuleManager: Shutting down and abandoning module HeadMountedDisplay (60)
[2015.07.28-18.31.13:565][584]LogModuleManager: Shutting down and abandoning module XAudio2 (59)
[2015.07.28-18.31.13:565][584]LogModuleManager: Shutting down and abandoning module Networking (57)
[2015.07.28-18.31.13:565][584]LogModuleManager: Shutting down and abandoning module Core (56)
[2015.07.28-18.31.13:565][584]LogModuleManager: Shutting down and abandoning module KismetCompiler (55)
[2015.07.28-18.31.13:565][584]LogModuleManager: Shutting down and abandoning module PhysXFormats (54)
[2015.07.28-18.31.13:565][584]LogModuleManager: Shutting down and abandoning module MeshUtilities (53)
[2015.07.28-18.31.13:565][584]LogModuleManager: Shutting down and abandoning module DerivedDataCache (52)
[2015.07.28-18.31.13:620][584]LogDerivedDataCache: Shutdown
[2015.07.28-18.31.13:620][584]LogModuleManager: Shutting down and abandoning module ShaderFormatOpenGL (51)
[2015.07.28-18.31.13:620][584]LogModuleManager: Shutting down and abandoning module ShaderFormatD3D (50)
[2015.07.28-18.31.13:620][584]LogModuleManager: Shutting down and abandoning module MetalShaderFormat (49)
[2015.07.28-18.31.13:620][584]LogModuleManager: Shutting down and abandoning module TextureFormatUncompressed (48)
[2015.07.28-18.31.13:620][584]LogModuleManager: Shutting down and abandoning module TextureFormatPVR (47)
[2015.07.28-18.31.13:620][584]LogModuleManager: Shutting down and abandoning module TextureFormatIntelISPCTexComp (46)
[2015.07.28-18.31.13:620][584]LogModuleManager: Shutting down and abandoning module TextureFormatDXT (45)
[2015.07.28-18.31.13:620][584]LogModuleManager: Shutting down and abandoning module ImageWrapper (44)
[2015.07.28-18.31.13:620][584]LogModuleManager: Shutting down and abandoning module TextureFormatASTC (43)
[2015.07.28-18.31.13:620][584]LogModuleManager: Shutting down and abandoning module TextureFormatAndroid (42)
[2015.07.28-18.31.13:620][584]LogModuleManager: Shutting down and abandoning module AudioFormatOpus (41)
[2015.07.28-18.31.13:620][584]LogModuleManager: Shutting down and abandoning module AudioFormatOgg (40)
[2015.07.28-18.31.13:620][584]LogModuleManager: Shutting down and abandoning module AudioFormatADPCM (39)
[2015.07.28-18.31.13:620][584]LogModuleManager: Shutting down and abandoning module LinuxTargetPlatform (38)
[2015.07.28-18.31.13:620][584]LogModuleManager: Shutting down and abandoning module LinuxServerTargetPlatform (37)
[2015.07.28-18.31.13:620][584]LogModuleManager: Shutting down and abandoning module LinuxNoEditorTargetPlatform (36)
[2015.07.28-18.31.13:620][584]LogModuleManager: Shutting down and abandoning module Messaging (35)
[2015.07.28-18.31.13:620][584]LogModuleManager: Shutting down and abandoning module IOSTargetPlatform (34)
[2015.07.28-18.31.13:620][584]LogModuleManager: Shutting down and abandoning module HTML5TargetPlatform (33)
[2015.07.28-18.31.13:620][584]LogModuleManager: Shutting down and abandoning module Android_PVRTCTargetPlatform (32)
[2015.07.28-18.31.13:620][584]LogModuleManager: Shutting down and abandoning module Android_ETC2TargetPlatform (31)
[2015.07.28-18.31.13:620][584]LogModuleManager: Shutting down and abandoning module Android_ETC1TargetPlatform (30)
[2015.07.28-18.31.13:620][584]LogModuleManager: Shutting down and abandoning module Android_DXTTargetPlatform (29)
[2015.07.28-18.31.13:620][584]LogModuleManager: Shutting down and abandoning module Android_ATCTargetPlatform (28)
[2015.07.28-18.31.13:620][584]LogModuleManager: Shutting down and abandoning module Android_ASTCTargetPlatform (27)
[2015.07.28-18.31.13:620][584]LogModuleManager: Shutting down and abandoning module AndroidTargetPlatform (26)
[2015.07.28-18.31.13:620][584]LogModuleManager: Shutting down and abandoning module WindowsTargetPlatform (25)
[2015.07.28-18.31.13:620][584]LogModuleManager: Shutting down and abandoning module WindowsServerTargetPlatform (24)
[2015.07.28-18.31.13:620][584]LogModuleManager: Shutting down and abandoning module WindowsNoEditorTargetPlatform (23)
[2015.07.28-18.31.13:620][584]LogModuleManager: Shutting down and abandoning module WindowsClientTargetPlatform (22)
[2015.07.28-18.31.13:620][584]LogModuleManager: Shutting down and abandoning module DesktopTargetPlatform (21)
[2015.07.28-18.31.13:620][584]LogModuleManager: Shutting down and abandoning module TargetPlatform (20)
[2015.07.28-18.31.13:620][584]LogModuleManager: Shutting down and abandoning module InputCore (19)
[2015.07.28-18.31.13:620][584]LogModuleManager: Shutting down and abandoning module Settings (18)
[2015.07.28-18.31.13:621][584]LogModuleManager: Shutting down and abandoning module OnlineSubsystem (16)
[2015.07.28-18.31.13:621][584]LogModuleManager: Shutting down and abandoning module HTTP (15)
[2015.07.28-18.31.13:621][584]LogModuleManager: Shutting down and abandoning module ExampleDeviceProfileSelector (14)
[2015.07.28-18.31.13:621][584]LogModuleManager: Shutting down and abandoning module TextureCompressor (13)
[2015.07.28-18.31.13:621][584]LogModuleManager: Shutting down and abandoning module ShaderCore (12)
[2015.07.28-18.31.13:621][584]LogModuleManager: Shutting down and abandoning module Landscape (11)
[2015.07.28-18.31.13:621][584]LogModuleManager: Shutting down and abandoning module SlateRHIRenderer (10)
[2015.07.28-18.31.13:623][584]LogModuleManager: Shutting down and abandoning module OpenGLDrv (9)
[2015.07.28-18.31.13:623][584]LogModuleManager: Shutting down and abandoning module D3D11RHI (8)
[2015.07.28-18.31.13:624][584]LogModuleManager: Shutting down and abandoning module Renderer (7)
[2015.07.28-18.31.13:624][584]LogModuleManager: Shutting down and abandoning module Engine (6)
[2015.07.28-18.31.13:624][584]LogModuleManager: Shutting down and abandoning module CoreUObject (5)
[2015.07.28-18.31.13:624][584]LogModuleManager: Shutting down and abandoning module NetworkFile (4)
[2015.07.28-18.31.13:624][584]LogModuleManager: Shutting down and abandoning module StreamingFile (3)
[2015.07.28-18.31.13:624][584]LogModuleManager: Shutting down and abandoning module SandboxFile (2)
[2015.07.28-18.31.13:624][584]LogModuleManager: Shutting down and abandoning module PakFile (1)
[2015.07.28-18.31.13:624][584]LogExit: Exiting.
[2015.07.28-18.31.13:626][584]Log file closed, 07/28/15 21:31:13
